2.0212,-1.9233,2.0824,-1.9319,1.9512,-1.8820,2.0071,-1.8765,2.0450,-1.9268,2.0441,-1.9514,2.0470,-1.9347,2.0687,-1.9656,0.0515,-0.0475,0.0540,-0.0523,0.0524,-0.0500,0.0525,-0.0510,0.0533,-0.0514,0.0546,-0.0528,0.0529,-0.0488,0.0530,-0.0515
EOF 56

0.0334,-0.0321,0.0341,-0.0326,0.0334,-0.0301,0.0310,-0.0310,0.0342,-0.0318,0.0335,-0.0329,0.0348,-0.0315,0.0346,-0.0324,1.9229,-1.7868,2.0407,-1.9447,1.9602,-1.8798,1.9862,-1.8989,2.0159,-1.9297,2.0832,-1.9839,1.9618,-1.8526,1.9888,-1.9257
EOF 57

2.0212,-1.9233,2.0824,-1.9319,1.9512,-1.8820,2.0071,-1.8765,2.0450,-1.9268,2.0441,-1.9514,2.0470,-1.9347,2.0687,-1.9656,0.0329,-0.0288,0.0340,-0.0322,0.0331,-0.0308,0.0330,-0.0315,0.0338,-0.0319,0.0345,-0.0327,0.0338,-0.0297,0.0333,-0.0319
EOF 58

0.0534,-0.0517,0.0543,-0.0527,0.0530,-0.0497,0.0500,-0.0500,0.0542,-0.0518,0.0540,-0.0534,0.0545,-0.0512,0.0548,-0.0528,1.9229,-1.7868,2.0407,-1.9447,1.9602,-1.8798,1.9862,-1.8989,2.0159,-1.9297,2.0832,-1.9839,1.9618,-1.8526,1.9888,-1.9257
EOF 59

2.0212,-1.9233,2.0824,-1.9319,1.9512,-1.8820,2.0071,-1.8765,2.0450,-1.9268,2.0441,-1.9514,2.0470,-1.9347,2.0687,-1.9656,0.0515,-0.0475,0.0540,-0.0523,0.0524,-0.0500,0.0525,-0.0510,0.0533,-0.0514,0.0546,-0.0528,0.0529,-0.0488,0.0530,-0.0515
EOF 60

0.6735,-0.6413,0.6921,-0.6414,0.6495,-0.6231,0.6651,-0.6211,0.6798,-0.6412,0.6817,-0.6512,0.6825,-0.6442,0.6876,-0.6537,1.9229,-1.7868,2.0407,-1.9447,1.9602,-1.8798,1.9862,-1.8989,2.0159,-1.9297,2.0832,-1.9839,1.9618,-1.8526,1.9888,-1.9257
EOF 61

2.0212,-1.9233,2.0824,-1.9319,1.9512,-1.8820,2.0071,-1.8765,2.0450,-1.9268,2.0441,-1.9514,2.0470,-1.9347,2.0687,-1.9656,0.6414,-0.6043,0.6800,-0.6458,0.6514,-0.6235,0.6624,-0.6317,0.6707,-0.6406,0.6928,-0.6593,0.6548,-0.6161,0.6614,-0.6397
EOF 62

1.0715,-1.0383,1.0965,-1.0449,1.0421,-1.0148,1.0583,-1.0135,1.0811,-1.0427,1.0930,-1.0625,1.0795,-1.0414,1.0934,-1.0590,1.9229,-1.7868,2.0407,-1.9447,1.9602,-1.8798,1.9862,-1.8989,2.0159,-1.9297,2.0832,-1.9839,1.9618,-1.8526,1.9888,-1.9257
EOF 63

2.0212,-1.9233,2.0824,-1.9319,1.9512,-1.8820,2.0071,-1.8765,2.0450,-1.9268,2.0441,-1.9514,2.0470,-1.9347,2.0687,-1.9656,1.0133,-0.9667,1.0840,-1.0500,1.0358,-1.0070,1.0548,-1.0234,1.0611,-1.0312,1.0971,-1.0635,1.0366,-0.9979,1.0530,-1.0306
EOF 64

2.0212,-1.9233,2.0824,-1.9319,1.9512,-1.8820,2.0071,-1.8765,2.0450,-1.9268,2.0441,-1.9514,2.0470,-1.9347,2.0687,-1.9656,1.9229,-1.7868,2.0407,-1.9447,1.9602,-1.8798,1.9862,-1.8989,2.0159,-1.9297,2.0832,-1.9839,1.9618,-1.8526,1.9888,-1.9257
EOF 65

2.0212,-1.9233,2.0824,-1.9319,1.9512,-1.8820,2.0071,-1.8765,2.0450,-1.9268,2.0441,-1.9514,2.0470,-1.9347,2.0687,-1.9656,1.9229,-1.7868,2.0407,-1.9447,1.9602,-1.8798,1.9862,-1.8989,2.0159,-1.9297,2.0832,-1.9839,1.9618,-1.8526,1.9888,-1.9257
EOF 66

3.1796,-3.0439,3.1719,-3.0646,3.1498,-3.0420,3.1722,-3.0397,3.2499,-3.1291,3.2737,-3.1788,3.2352,-3.1210,3.2890,-3.1828,1.9229,-1.7868,2.0407,-1.9447,1.9602,-1.8798,1.9862,-1.8989,2.0159,-1.9297,2.0832,-1.9839,1.9618,-1.8526,1.9888,-1.9257
EOF 67

2.0212,-1.9233,2.0824,-1.9319,1.9512,-1.8820,2.0071,-1.8765,2.0450,-1.9268,2.0441,-1.9514,2.0470,-1.9347,2.0687,-1.9656,3.0389,-2.9015,3.2519,-3.1542,3.1183,-3.0348,3.1641,-3.0742,3.1889,-3.1004,3.2971,-3.1949,3.1070,-2.9953,3.1676,-3.1018
EOF 68

